[2023-11-21T16:58:32.011+0000] {taskinstance.py:1159} INFO - Dependencies all met for dep_context=non-requeueable deps ti=<TaskInstance: Projet_IDD.extract_data manual__2023-11-21T16:58:29.771826+00:00 [queued]>
[2023-11-21T16:58:32.020+0000] {taskinstance.py:1159} INFO - Dependencies all met for dep_context=requeueable deps ti=<TaskInstance: Projet_IDD.extract_data manual__2023-11-21T16:58:29.771826+00:00 [queued]>
[2023-11-21T16:58:32.021+0000] {taskinstance.py:1361} INFO - Starting attempt 1 of 1
[2023-11-21T16:58:32.034+0000] {taskinstance.py:1382} INFO - Executing <Task(PythonOperator): extract_data> on 2023-11-21 16:58:29.771826+00:00
[2023-11-21T16:58:32.040+0000] {standard_task_runner.py:57} INFO - Started process 1395 to run task
[2023-11-21T16:58:32.043+0000] {standard_task_runner.py:84} INFO - Running: ['***', 'tasks', 'run', 'Projet_IDD', 'extract_data', 'manual__2023-11-21T16:58:29.771826+00:00', '--job-id', '58', '--raw', '--subdir', 'DAGS_FOLDER/ETL.py', '--cfg-path', '/tmp/tmpyncur016']
[2023-11-21T16:58:32.047+0000] {standard_task_runner.py:85} INFO - Job 58: Subtask extract_data
[2023-11-21T16:58:32.092+0000] {task_command.py:416} INFO - Running <TaskInstance: Projet_IDD.extract_data manual__2023-11-21T16:58:29.771826+00:00 [running]> on host a27ca4debaad
[2023-11-21T16:58:32.306+0000] {taskinstance.py:1662} INFO - Exporting env vars: AIRFLOW_CTX_DAG_OWNER='***' AIRFLOW_CTX_DAG_ID='Projet_IDD' AIRFLOW_CTX_TASK_ID='extract_data' AIRFLOW_CTX_EXECUTION_DATE='2023-11-21T16:58:29.771826+00:00' AIRFLOW_CTX_TRY_NUMBER='1' AIRFLOW_CTX_DAG_RUN_ID='manual__2023-11-21T16:58:29.771826+00:00'
[2023-11-21T16:58:32.313+0000] {python.py:194} INFO - Done. Returned value was:     num_dep                 dep_name                 region_name
0        01                      Ain        Auvergne-Rhône-Alpes
1        02                    Aisne             Hauts-de-France
2        03                   Allier        Auvergne-Rhône-Alpes
3        04  Alpes-de-Haute-Provence  Provence-Alpes-Côte d'Azur
4        05             Hautes-Alpes  Provence-Alpes-Côte d'Azur
..      ...                      ...                         ...
96      971               Guadeloupe                  Guadeloupe
97      972               Martinique                  Martinique
98      973                   Guyane                      Guyane
99      974               La Réunion                  La Réunion
100     976                  Mayotte                     Mayotte

[101 rows x 3 columns]
[2023-11-21T16:58:32.337+0000] {xcom.py:661} ERROR - Object of type DataFrame is not JSON serializable. If you are using pickle instead of JSON for XCom, then you need to enable pickle support for XCom in your *** config or make sure to decorate your object with attr.
[2023-11-21T16:58:32.339+0000] {taskinstance.py:1937} ERROR - Task failed with exception
Traceback (most recent call last):
  File "/home/airflow/.local/lib/python3.8/site-packages/airflow/utils/json.py", line 91, in default
    return serialize(o)
  File "/home/airflow/.local/lib/python3.8/site-packages/airflow/serialization/serde.py", line 143, in serialize
    data, classname, version, is_serialized = _serializers[qn].serialize(o)
  File "/home/airflow/.local/lib/python3.8/site-packages/airflow/serialization/serializers/pandas.py", line 49, in serialize
    table = pa.Table.from_pandas(o)
  File "pyarrow/table.pxi", line 3557, in pyarrow.lib.Table.from_pandas
  File "/home/airflow/.local/lib/python3.8/site-packages/pyarrow/pandas_compat.py", line 611, in dataframe_to_arrays
    arrays = [convert_column(c, f)
  File "/home/airflow/.local/lib/python3.8/site-packages/pyarrow/pandas_compat.py", line 611, in <listcomp>
    arrays = [convert_column(c, f)
  File "/home/airflow/.local/lib/python3.8/site-packages/pyarrow/pandas_compat.py", line 598, in convert_column
    raise e
  File "/home/airflow/.local/lib/python3.8/site-packages/pyarrow/pandas_compat.py", line 592, in convert_column
    result = pa.array(col, type=type_, from_pandas=True, safe=safe)
  File "pyarrow/array.pxi", line 316, in pyarrow.lib.array
  File "pyarrow/array.pxi", line 83, in pyarrow.lib._ndarray_to_array
  File "pyarrow/error.pxi", line 123, in pyarrow.lib.check_status
pyarrow.lib.ArrowTypeError: ("Expected bytes, got a 'int' object", 'Conversion failed for column num_dep with type object')

During handling of the above exception, another exception occurred:

Traceback (most recent call last):
  File "/home/airflow/.local/lib/python3.8/site-packages/airflow/utils/session.py", line 74, in wrapper
    return func(*args, **kwargs)
  File "/home/airflow/.local/lib/python3.8/site-packages/airflow/models/taskinstance.py", line 2479, in xcom_push
    XCom.set(
  File "/home/airflow/.local/lib/python3.8/site-packages/airflow/utils/session.py", line 74, in wrapper
    return func(*args, **kwargs)
  File "/home/airflow/.local/lib/python3.8/site-packages/airflow/models/xcom.py", line 244, in set
    value = cls.serialize_value(
  File "/home/airflow/.local/lib/python3.8/site-packages/airflow/models/xcom.py", line 659, in serialize_value
    return json.dumps(value, cls=XComEncoder).encode("UTF-8")
  File "/usr/local/lib/python3.8/json/__init__.py", line 234, in dumps
    return cls(
  File "/home/airflow/.local/lib/python3.8/site-packages/airflow/utils/json.py", line 104, in encode
    return super().encode(o)
  File "/usr/local/lib/python3.8/json/encoder.py", line 199, in encode
    chunks = self.iterencode(o, _one_shot=True)
  File "/usr/local/lib/python3.8/json/encoder.py", line 257, in iterencode
    return _iterencode(o, 0)
  File "/home/airflow/.local/lib/python3.8/site-packages/airflow/utils/json.py", line 93, in default
    return super().default(o)
  File "/usr/local/lib/python3.8/json/encoder.py", line 179, in default
    raise TypeError(f'Object of type {o.__class__.__name__} '
TypeError: Object of type DataFrame is not JSON serializable
[2023-11-21T16:58:32.349+0000] {taskinstance.py:1400} INFO - Marking task as FAILED. dag_id=Projet_IDD, task_id=extract_data, execution_date=20231121T165829, start_date=20231121T165832, end_date=20231121T165832
[2023-11-21T16:58:32.362+0000] {standard_task_runner.py:104} ERROR - Failed to execute job 58 for task extract_data (Object of type DataFrame is not JSON serializable; 1395)
[2023-11-21T16:58:32.378+0000] {local_task_job_runner.py:228} INFO - Task exited with return code 1
[2023-11-21T16:58:32.399+0000] {taskinstance.py:2778} INFO - 0 downstream tasks scheduled from follow-on schedule check
