[2023-11-24T17:14:14.171+0000] {taskinstance.py:1159} INFO - Dependencies all met for dep_context=non-requeueable deps ti=<TaskInstance: Projet_IDD.extract_and_transform_laod manual__2023-11-24T17:14:08.515794+00:00 [queued]>
[2023-11-24T17:14:14.180+0000] {taskinstance.py:1159} INFO - Dependencies all met for dep_context=requeueable deps ti=<TaskInstance: Projet_IDD.extract_and_transform_laod manual__2023-11-24T17:14:08.515794+00:00 [queued]>
[2023-11-24T17:14:14.181+0000] {taskinstance.py:1361} INFO - Starting attempt 1 of 2
[2023-11-24T17:14:14.198+0000] {taskinstance.py:1382} INFO - Executing <Task(PythonOperator): extract_and_transform_laod> on 2023-11-24 17:14:08.515794+00:00
[2023-11-24T17:14:14.205+0000] {standard_task_runner.py:57} INFO - Started process 2610 to run task
[2023-11-24T17:14:14.208+0000] {standard_task_runner.py:84} INFO - Running: ['***', 'tasks', 'run', 'Projet_IDD', 'extract_and_transform_laod', 'manual__2023-11-24T17:14:08.515794+00:00', '--job-id', '90', '--raw', '--subdir', 'DAGS_FOLDER/ETL.py', '--cfg-path', '/tmp/tmp0lt40ea5']
[2023-11-24T17:14:14.211+0000] {standard_task_runner.py:85} INFO - Job 90: Subtask extract_and_transform_laod
[2023-11-24T17:14:14.263+0000] {task_command.py:416} INFO - Running <TaskInstance: Projet_IDD.extract_and_transform_laod manual__2023-11-24T17:14:08.515794+00:00 [running]> on host 1697b77d64fd
[2023-11-24T17:14:14.546+0000] {taskinstance.py:1662} INFO - Exporting env vars: AIRFLOW_CTX_DAG_EMAIL='***@example.com' AIRFLOW_CTX_DAG_OWNER='***' AIRFLOW_CTX_DAG_ID='Projet_IDD' AIRFLOW_CTX_TASK_ID='extract_and_transform_laod' AIRFLOW_CTX_EXECUTION_DATE='2023-11-24T17:14:08.515794+00:00' AIRFLOW_CTX_TRY_NUMBER='1' AIRFLOW_CTX_DAG_RUN_ID='manual__2023-11-24T17:14:08.515794+00:00'
[2023-11-24T17:14:14.792+0000] {logging_mixin.py:151} INFO -   Code tranches         age
0             0   tous ages
1             A     0-4 ans
2             B    5-14 ans
3             C   15-44 ans
4             D   45-64 ans
5             E   65-74 ans
6             F  75 et plus
[2023-11-24T17:14:15.000+0000] {logging_mixin.py:151} INFO -         dep date_de_passage  ...  nbre_hospit_corona_h  nbre_hospit_corona_f
0        01      2022-12-26  ...                   1.0                   3.0
1        01      2022-12-26  ...                   NaN                   NaN
2        01      2022-12-26  ...                   NaN                   NaN
3        01      2022-12-26  ...                   NaN                   NaN
4        01      2022-12-26  ...                   NaN                   NaN
...     ...             ...  ...                   ...                   ...
214215  976      2023-10-24  ...                   NaN                   NaN
214216  976      2023-10-24  ...                   NaN                   NaN
214217  976      2023-10-24  ...                   NaN                   NaN
214218  976      2023-10-24  ...                   NaN                   NaN
214219  976      2023-10-24  ...                   NaN                   NaN

[212928 rows x 12 columns]
[2023-11-24T17:14:15.021+0000] {logging_mixin.py:151} INFO -         dep date_de_passage  ... nbre_hospit_corona_h  nbre_hospit_corona_f
0        01      2022-12-26  ...                  1.0                   3.0
1        01      2022-12-26  ...                  NaN                   NaN
2        01      2022-12-26  ...                  NaN                   NaN
3        01      2022-12-26  ...                  NaN                   NaN
4        01      2022-12-26  ...                  NaN                   NaN
...     ...             ...  ...                  ...                   ...
214215  976      2023-10-24  ...                  NaN                   NaN
214216  976      2023-10-24  ...                  NaN                   NaN
214217  976      2023-10-24  ...                  NaN                   NaN
214218  976      2023-10-24  ...                  NaN                   NaN
214219  976      2023-10-24  ...                  NaN                   NaN

[212928 rows x 12 columns]
[2023-11-24T17:14:15.024+0000] {logging_mixin.py:151} INFO - 0       01
1       02
2       03
3       04
4       05
      ... 
96     971
97     972
98     973
99     974
100    976
Name: num_dep, Length: 101, dtype: object
[2023-11-24T17:14:15.111+0000] {base.py:73} INFO - Using connection ID 'postgres_connexion' for task execution.
[2023-11-24T17:14:24.074+0000] {base.py:73} INFO - Using connection ID 'postgres_connexion' for task execution.
[2023-11-24T17:14:24.871+0000] {taskinstance.py:1937} ERROR - Task failed with exception
Traceback (most recent call last):
  File "/home/airflow/.local/lib/python3.8/site-packages/sqlalchemy/engine/base.py", line 1910, in _execute_context
    self.dialect.do_execute(
  File "/home/airflow/.local/lib/python3.8/site-packages/sqlalchemy/engine/default.py", line 736, in do_execute
    cursor.execute(statement, parameters)
psycopg2.errors.DependentObjectsStillExist: cannot drop table departements because other objects depend on it
DETAIL:  constraint urgences_hosp_dep_fkey on table urgences_hosp depends on table departements
HINT:  Use DROP ... CASCADE to drop the dependent objects too.


The above exception was the direct cause of the following exception:

Traceback (most recent call last):
  File "/home/airflow/.local/lib/python3.8/site-packages/airflow/operators/python.py", line 192, in execute
    return_value = self.execute_callable()
  File "/home/airflow/.local/lib/python3.8/site-packages/airflow/operators/python.py", line 209, in execute_callable
    return self.python_callable(*self.op_args, **self.op_kwargs)
  File "/opt/airflow/dags/ETL.py", line 77, in extract_and_transform_laod
    df_departements.to_sql('departements', postgres_sql_upload.get_sqlalchemy_engine(), if_exists='replace', chunksize=1000,index=False)
  File "/home/airflow/.local/lib/python3.8/site-packages/pandas/core/generic.py", line 2878, in to_sql
    return sql.to_sql(
  File "/home/airflow/.local/lib/python3.8/site-packages/pandas/io/sql.py", line 769, in to_sql
    return pandas_sql.to_sql(
  File "/home/airflow/.local/lib/python3.8/site-packages/pandas/io/sql.py", line 1910, in to_sql
    table = self.prep_table(
  File "/home/airflow/.local/lib/python3.8/site-packages/pandas/io/sql.py", line 1814, in prep_table
    table.create()
  File "/home/airflow/.local/lib/python3.8/site-packages/pandas/io/sql.py", line 907, in create
    self.pd_sql.drop_table(self.name, self.schema)
  File "/home/airflow/.local/lib/python3.8/site-packages/pandas/io/sql.py", line 1963, in drop_table
    self.get_table(table_name, schema).drop(bind=self.con)
  File "/home/airflow/.local/lib/python3.8/site-packages/sqlalchemy/sql/schema.py", line 979, in drop
    bind._run_ddl_visitor(ddl.SchemaDropper, self, checkfirst=checkfirst)
  File "/home/airflow/.local/lib/python3.8/site-packages/sqlalchemy/engine/base.py", line 2221, in _run_ddl_visitor
    visitorcallable(self.dialect, self, **kwargs).traverse_single(element)
  File "/home/airflow/.local/lib/python3.8/site-packages/sqlalchemy/sql/visitors.py", line 524, in traverse_single
    return meth(obj, **kw)
  File "/home/airflow/.local/lib/python3.8/site-packages/sqlalchemy/sql/ddl.py", line 1106, in visit_table
    self.connection.execute(DropTable(table))
  File "/home/airflow/.local/lib/python3.8/site-packages/sqlalchemy/engine/base.py", line 1385, in execute
    return meth(self, multiparams, params, _EMPTY_EXECUTION_OPTS)
  File "/home/airflow/.local/lib/python3.8/site-packages/sqlalchemy/sql/ddl.py", line 80, in _execute_on_connection
    return connection._execute_ddl(
  File "/home/airflow/.local/lib/python3.8/site-packages/sqlalchemy/engine/base.py", line 1477, in _execute_ddl
    ret = self._execute_context(
  File "/home/airflow/.local/lib/python3.8/site-packages/sqlalchemy/engine/base.py", line 1953, in _execute_context
    self._handle_dbapi_exception(
  File "/home/airflow/.local/lib/python3.8/site-packages/sqlalchemy/engine/base.py", line 2134, in _handle_dbapi_exception
    util.raise_(
  File "/home/airflow/.local/lib/python3.8/site-packages/sqlalchemy/util/compat.py", line 211, in raise_
    raise exception
  File "/home/airflow/.local/lib/python3.8/site-packages/sqlalchemy/engine/base.py", line 1910, in _execute_context
    self.dialect.do_execute(
  File "/home/airflow/.local/lib/python3.8/site-packages/sqlalchemy/engine/default.py", line 736, in do_execute
    cursor.execute(statement, parameters)
sqlalchemy.exc.InternalError: (psycopg2.errors.DependentObjectsStillExist) cannot drop table departements because other objects depend on it
DETAIL:  constraint urgences_hosp_dep_fkey on table urgences_hosp depends on table departements
HINT:  Use DROP ... CASCADE to drop the dependent objects too.

[SQL: 
DROP TABLE departements]
(Background on this error at: https://sqlalche.me/e/14/2j85)
[2023-11-24T17:14:24.903+0000] {taskinstance.py:1400} INFO - Marking task as UP_FOR_RETRY. dag_id=Projet_IDD, task_id=extract_and_transform_laod, execution_date=20231124T171408, start_date=20231124T171414, end_date=20231124T171424
[2023-11-24T17:14:24.916+0000] {standard_task_runner.py:104} ERROR - Failed to execute job 90 for task extract_and_transform_laod ((psycopg2.errors.DependentObjectsStillExist) cannot drop table departements because other objects depend on it
DETAIL:  constraint urgences_hosp_dep_fkey on table urgences_hosp depends on table departements
HINT:  Use DROP ... CASCADE to drop the dependent objects too.

[SQL: 
DROP TABLE departements]
(Background on this error at: https://sqlalche.me/e/14/2j85); 2610)
[2023-11-24T17:14:24.952+0000] {local_task_job_runner.py:228} INFO - Task exited with return code 1
[2023-11-24T17:14:25.114+0000] {taskinstance.py:2778} INFO - 0 downstream tasks scheduled from follow-on schedule check
